<?xml version="1.0" encoding="UTF-8"?>
<testsuite xmlns:xsi="http://www.w3.org/2001/XMLSchema-instance" xsi:noNamespaceSchemaLocation="https://maven.apache.org/surefire/maven-surefire-plugin/xsd/surefire-test-report.xsd" version="3.0.1" name="com.assignment.my_assignment.AppTest" time="0.13" tests="4" errors="0" skipped="0" failures="0">
  <properties>
[...]
</properties>
  <testcase name="substractionTestCase" classname="com.assignment.my_assignment.AppTest" time="0.05"/>
  <testcase name="multiplicationTestCase" classname="com.assignment.my_assignment.AppTest" time="0.005"/>
  <testcase name="additionTestCase" classname="com.assignment.my_assignment.AppTest" time="0.003"/>
  <testcase name="shouldAnswerWithTrue" classname="com.assignment.my_assignment.AppTest" time="0.003"/>
</testsuite>